app/build/intermediates/manifest_merge_blame_file/debug/manifest-merger-blame-debug-report.txt
1<?xml version="1.0" encoding="utf-8"?>
2<manifest xmlns:android="http://schemas.android.com/apk/res/android"
3    package="com.superadtech.adsmodel"
4    android:versionCode="1"
5    android:versionName="1.0" >
6
7    <uses-sdk
8        android:minSdkVersion="21"
8-->src\main\AndroidManifest.xml
9        android:targetSdkVersion="33" />
9-->src\main\AndroidManifest.xml
10
11    <uses-permission android:name="android.permission.INTERNET" />
11-->[:bdvanceswitch] AndroidManifest.xml:9:5-67
11-->[:bdvanceswitch] AndroidManifest.xml:9:22-64
12    <uses-permission android:name="android.permission.ACCESS_NETWORK_STATE" />
12-->[:bdvanceswitch] AndroidManifest.xml:10:5-79
12-->[:bdvanceswitch] AndroidManifest.xml:10:22-76
13    <uses-permission android:name="android.permission.ACCESS_WIFI_STATE" />
13-->[:bdvanceswitch] AndroidManifest.xml:11:5-76
13-->[:bdvanceswitch] AndroidManifest.xml:11:22-73
14    <uses-permission android:name="com.google.android.gms.permission.AD_ID" />
14-->[:bdvanceswitch] AndroidManifest.xml:12:5-79
14-->[:bdvanceswitch] AndroidManifest.xml:12:22-76
15    <uses-permission android:name="com.google.android.finsky.permission.BIND_GET_INSTALL_REFERRER_SERVICE" /> <!-- Create a unique permission for your app and use it so only your app can receive your OneSignal messages. -->
15-->[:bdvanceswitch] AndroidManifest.xml:13:5-110
15-->[:bdvanceswitch] AndroidManifest.xml:13:22-107
16    <permission
16-->[com.onesignal:OneSignal:4.8.6] AndroidManifest.xml:7:5-9:47
17        android:name="com.superadtech.adsmodel.permission.C2D_MESSAGE"
17-->[com.onesignal:OneSignal:4.8.6] AndroidManifest.xml:8:9-63
18        android:protectionLevel="signature" />
18-->[com.onesignal:OneSignal:4.8.6] AndroidManifest.xml:9:9-44
19
20    <uses-permission android:name="com.superadtech.adsmodel.permission.C2D_MESSAGE" /> <!-- OneSignal SDK has runtime checks Android version. -->
20-->[com.onesignal:OneSignal:4.8.6] AndroidManifest.xml:11:5-79
20-->[com.onesignal:OneSignal:4.8.6] AndroidManifest.xml:11:22-76
21    <!-- <uses-sdk tools:overrideLibrary="android.support.customtabs"/> -->
22    <!-- Required runtime permission to display notifications on Android 13 -->
23    <uses-permission android:name="android.permission.POST_NOTIFICATIONS" /> <!-- c2dm RECEIVE are basic requirements for push messages through Google's FCM -->
23-->[com.onesignal:OneSignal:4.8.6] AndroidManifest.xml:16:5-77
23-->[com.onesignal:OneSignal:4.8.6] AndroidManifest.xml:16:22-74
24    <uses-permission android:name="com.google.android.c2dm.permission.RECEIVE" /> <!-- Required, makes sure notifications are delivered on time. -->
24-->[com.onesignal:OneSignal:4.8.6] AndroidManifest.xml:18:5-82
24-->[com.onesignal:OneSignal:4.8.6] AndroidManifest.xml:18:22-79
25    <uses-permission android:name="android.permission.WAKE_LOCK" />
25-->[com.onesignal:OneSignal:4.8.6] AndroidManifest.xml:19:5-68
25-->[com.onesignal:OneSignal:4.8.6] AndroidManifest.xml:19:22-65
26    <!--
27 Required so the device vibrates on receiving a push notification.
28         Vibration settings of the device still apply.
29    -->
30    <uses-permission android:name="android.permission.VIBRATE" />
30-->[com.onesignal:OneSignal:4.8.6] AndroidManifest.xml:24:5-66
30-->[com.onesignal:OneSignal:4.8.6] AndroidManifest.xml:24:22-63
31    <!--
32 Use to restore notifications the user hasn't interacted with.
33         They could be missed notifications if the user reboots their device if this isn't in place.
34    -->
35    <uses-permission android:name="android.permission.RECEIVE_BOOT_COMPLETED" /> <!-- START: ShortcutBadger -->
35-->[com.onesignal:OneSignal:4.8.6] AndroidManifest.xml:30:5-81
35-->[com.onesignal:OneSignal:4.8.6] AndroidManifest.xml:30:22-78
36    <!-- Samsung -->
37    <uses-permission android:name="com.sec.android.provider.badge.permission.READ" />
37-->[com.onesignal:OneSignal:4.8.6] AndroidManifest.xml:32:5-86
37-->[com.onesignal:OneSignal:4.8.6] AndroidManifest.xml:32:22-83
38    <uses-permission android:name="com.sec.android.provider.badge.permission.WRITE" /> <!-- HTC -->
38-->[com.onesignal:OneSignal:4.8.6] AndroidManifest.xml:33:5-87
38-->[com.onesignal:OneSignal:4.8.6] AndroidManifest.xml:33:22-84
39    <uses-permission android:name="com.htc.launcher.permission.READ_SETTINGS" />
39-->[com.onesignal:OneSignal:4.8.6] AndroidManifest.xml:34:5-81
39-->[com.onesignal:OneSignal:4.8.6] AndroidManifest.xml:34:22-78
40    <uses-permission android:name="com.htc.launcher.permission.UPDATE_SHORTCUT" /> <!-- Sony -->
40-->[com.onesignal:OneSignal:4.8.6] AndroidManifest.xml:35:5-83
40-->[com.onesignal:OneSignal:4.8.6] AndroidManifest.xml:35:22-80
41    <uses-permission android:name="com.sonyericsson.home.permission.BROADCAST_BADGE" />
41-->[com.onesignal:OneSignal:4.8.6] AndroidManifest.xml:36:5-88
41-->[com.onesignal:OneSignal:4.8.6] AndroidManifest.xml:36:22-85
42    <uses-permission android:name="com.sonymobile.home.permission.PROVIDER_INSERT_BADGE" /> <!-- Apex -->
42-->[com.onesignal:OneSignal:4.8.6] AndroidManifest.xml:37:5-92
42-->[com.onesignal:OneSignal:4.8.6] AndroidManifest.xml:37:22-89
43    <uses-permission android:name="com.anddoes.launcher.permission.UPDATE_COUNT" /> <!-- Solid -->
43-->[com.onesignal:OneSignal:4.8.6] AndroidManifest.xml:38:5-84
43-->[com.onesignal:OneSignal:4.8.6] AndroidManifest.xml:38:22-81
44    <uses-permission android:name="com.majeur.launcher.permission.UPDATE_BADGE" /> <!-- Huawei -->
44-->[com.onesignal:OneSignal:4.8.6] AndroidManifest.xml:39:5-83
44-->[com.onesignal:OneSignal:4.8.6] AndroidManifest.xml:39:22-80
45    <uses-permission android:name="com.huawei.android.launcher.permission.CHANGE_BADGE" />
45-->[com.onesignal:OneSignal:4.8.6] AndroidManifest.xml:40:5-91
45-->[com.onesignal:OneSignal:4.8.6] AndroidManifest.xml:40:22-88
46    <uses-permission android:name="com.huawei.android.launcher.permission.READ_SETTINGS" />
46-->[com.onesignal:OneSignal:4.8.6] AndroidManifest.xml:41:5-92
46-->[com.onesignal:OneSignal:4.8.6] AndroidManifest.xml:41:22-89
47    <uses-permission android:name="com.huawei.android.launcher.permission.WRITE_SETTINGS" /> <!-- ZUK -->
47-->[com.onesignal:OneSignal:4.8.6] AndroidManifest.xml:42:5-93
47-->[com.onesignal:OneSignal:4.8.6] AndroidManifest.xml:42:22-90
48    <uses-permission android:name="android.permission.READ_APP_BADGE" /> <!-- OPPO -->
48-->[com.onesignal:OneSignal:4.8.6] AndroidManifest.xml:43:5-73
48-->[com.onesignal:OneSignal:4.8.6] AndroidManifest.xml:43:22-70
49    <uses-permission android:name="com.oppo.launcher.permission.READ_SETTINGS" />
49-->[com.onesignal:OneSignal:4.8.6] AndroidManifest.xml:44:5-82
49-->[com.onesignal:OneSignal:4.8.6] AndroidManifest.xml:44:22-79
50    <uses-permission android:name="com.oppo.launcher.permission.WRITE_SETTINGS" /> <!-- EvMe -->
50-->[com.onesignal:OneSignal:4.8.6] AndroidManifest.xml:45:5-83
50-->[com.onesignal:OneSignal:4.8.6] AndroidManifest.xml:45:22-80
51    <uses-permission android:name="me.everything.badger.permission.BADGE_COUNT_READ" />
51-->[com.onesignal:OneSignal:4.8.6] AndroidManifest.xml:46:5-88
51-->[com.onesignal:OneSignal:4.8.6] AndroidManifest.xml:46:22-85
52    <uses-permission android:name="me.everything.badger.permission.BADGE_COUNT_WRITE" />
52-->[com.onesignal:OneSignal:4.8.6] AndroidManifest.xml:47:5-89
52-->[com.onesignal:OneSignal:4.8.6] AndroidManifest.xml:47:22-86
53    <uses-permission android:name="android.permission.FOREGROUND_SERVICE" />
53-->[com.github.AnchorFreePartner.hydra-sdk-android:sdk-core:4.1.8] AndroidManifest.xml:13:5-77
53-->[com.github.AnchorFreePartner.hydra-sdk-android:sdk-core:4.1.8] AndroidManifest.xml:13:22-74
54    <uses-permission android:name="android.permission.ACCESS_FINE_LOCATION" />
54-->[com.github.AnchorFree.hydra-vpn-android:networking:548796d] AndroidManifest.xml:9:5-79
54-->[com.github.AnchorFree.hydra-vpn-android:networking:548796d] AndroidManifest.xml:9:22-76
55    <uses-permission android:name="android.permission.ACCESS_COARSE_LOCATION" />
55-->[com.github.AnchorFree.hydra-vpn-android:networking:548796d] AndroidManifest.xml:10:5-81
55-->[com.github.AnchorFree.hydra-vpn-android:networking:548796d] AndroidManifest.xml:10:22-78
56
57    <queries>
57-->[com.facebook.android:audience-network-sdk:6.16.0] AndroidManifest.xml:11:5-13:15
58        <package android:name="com.facebook.katana" />
58-->[com.facebook.android:audience-network-sdk:6.16.0] AndroidManifest.xml:12:9-55
58-->[com.facebook.android:audience-network-sdk:6.16.0] AndroidManifest.xml:12:18-52
59        <!-- For browser content -->
60        <intent>
60-->[com.google.android.gms:play-services-ads-lite:22.2.0] AndroidManifest.xml:35:9-41:18
61            <action android:name="android.intent.action.VIEW" />
61-->[com.onesignal:OneSignal:4.8.6] AndroidManifest.xml:77:17-69
61-->[com.onesignal:OneSignal:4.8.6] AndroidManifest.xml:77:25-66
62
63            <category android:name="android.intent.category.BROWSABLE" />
63-->[com.google.android.gms:play-services-ads-lite:22.2.0] AndroidManifest.xml:38:13-74
63-->[com.google.android.gms:play-services-ads-lite:22.2.0] AndroidManifest.xml:38:23-71
64
65            <data android:scheme="https" />
65-->[com.google.android.gms:play-services-ads-lite:22.2.0] AndroidManifest.xml:40:13-44
65-->[com.google.android.gms:play-services-ads-lite:22.2.0] AndroidManifest.xml:40:19-41
66        </intent> <!-- End of browser content -->
67        <!-- For CustomTabsService -->
68        <intent>
68-->[com.google.android.gms:play-services-ads-lite:22.2.0] AndroidManifest.xml:44:9-46:18
69            <action android:name="android.support.customtabs.action.CustomTabsService" />
69-->[com.google.android.gms:play-services-ads-lite:22.2.0] AndroidManifest.xml:45:13-90
69-->[com.google.android.gms:play-services-ads-lite:22.2.0] AndroidManifest.xml:45:21-87
70        </intent>
71    </queries>
72
73    <permission
73-->[androidx.core:core:1.9.0] AndroidManifest.xml:22:5-24:47
74        android:name="com.superadtech.adsmodel.DYNAMIC_RECEIVER_NOT_EXPORTED_PERMISSION"
74-->[androidx.core:core:1.9.0] AndroidManifest.xml:23:9-81
75        android:protectionLevel="signature" />
75-->[androidx.core:core:1.9.0] AndroidManifest.xml:24:9-44
76
77    <uses-permission android:name="com.superadtech.adsmodel.DYNAMIC_RECEIVER_NOT_EXPORTED_PERMISSION" />
77-->[androidx.core:core:1.9.0] AndroidManifest.xml:26:5-97
77-->[androidx.core:core:1.9.0] AndroidManifest.xml:26:22-94
78
79    <application
79-->src\main\AndroidManifest.xml:6:5-30:19
80        android:name="com.superadtech.modids.Applicationclass"
80-->src\main\AndroidManifest.xml:7:9-63
81        android:allowBackup="true"
81-->src\main\AndroidManifest.xml:8:9-35
82        android:appComponentFactory="androidx.core.app.CoreComponentFactory"
82-->[androidx.core:core:1.9.0] AndroidManifest.xml:28:18-86
83        android:debuggable="true"
84        android:icon="@drawable/logo"
84-->src\main\AndroidManifest.xml:9:9-38
85        android:label="@string/app_name"
85-->src\main\AndroidManifest.xml:10:9-41
86        android:networkSecurityConfig="@xml/sdk_captive_portal_network_security"
86-->[com.github.AnchorFreePartner.hydra-sdk-android:sdk-core:4.1.8] AndroidManifest.xml:16:9-81
87        android:roundIcon="@drawable/logo"
87-->src\main\AndroidManifest.xml:11:9-43
88        android:supportsRtl="true"
88-->src\main\AndroidManifest.xml:12:9-35
89        android:testOnly="true"
90        android:theme="@style/Theme.AppCompat.DayNight.NoActionBar"
90-->src\main\AndroidManifest.xml:13:9-68
91        android:usesCleartextTraffic="true" >
91-->[:bdvanceswitch] AndroidManifest.xml:20:9-44
92        <activity
92-->src\main\AndroidManifest.xml:17:9-19:40
93            android:name="com.superadtech.adsmodel.MainActivity2"
93-->src\main\AndroidManifest.xml:18:13-66
94            android:exported="false" />
94-->src\main\AndroidManifest.xml:19:13-37
95        <activity
95-->src\main\AndroidManifest.xml:20:9-29:20
96            android:name="com.superadtech.adsmodel.MActivity"
96-->src\main\AndroidManifest.xml:21:13-62
97            android:exported="true"
97-->src\main\AndroidManifest.xml:22:13-36
98            android:theme="@style/AppTheme.NoActionBar" >
98-->src\main\AndroidManifest.xml:23:13-56
99            <intent-filter>
99-->src\main\AndroidManifest.xml:24:13-28:29
100                <action android:name="android.intent.action.MAIN" />
100-->src\main\AndroidManifest.xml:25:17-69
100-->src\main\AndroidManifest.xml:25:25-66
101
102                <category android:name="android.intent.category.LAUNCHER" />
102-->src\main\AndroidManifest.xml:27:17-77
102-->src\main\AndroidManifest.xml:27:27-74
103            </intent-filter>
104        </activity>
105        <activity
105-->[:bdvanceswitch] AndroidManifest.xml:21:9-26:59
106            android:name="com.superadtech.modids.proxy.MasterX"
106-->[:bdvanceswitch] AndroidManifest.xml:22:13-64
107            android:exported="true"
107-->[:bdvanceswitch] AndroidManifest.xml:23:13-36
108            android:hardwareAccelerated="true"
108-->[:bdvanceswitch] AndroidManifest.xml:24:13-47
109            android:screenOrientation="portrait"
109-->[:bdvanceswitch] AndroidManifest.xml:25:13-49
110            android:theme="@style/AppTheme.Transparent" />
110-->[:bdvanceswitch] AndroidManifest.xml:26:13-56
111        <activity
111-->[:bdvanceswitch] AndroidManifest.xml:27:9-32:59
112            android:name="com.superadtech.modids.proxy.MasterX_Features"
112-->[:bdvanceswitch] AndroidManifest.xml:28:13-73
113            android:exported="true"
113-->[:bdvanceswitch] AndroidManifest.xml:29:13-36
114            android:hardwareAccelerated="true"
114-->[:bdvanceswitch] AndroidManifest.xml:30:13-47
115            android:screenOrientation="portrait"
115-->[:bdvanceswitch] AndroidManifest.xml:31:13-49
116            android:theme="@style/AppTheme.Transparent" />
116-->[:bdvanceswitch] AndroidManifest.xml:32:13-56
117
118        <meta-data
118-->[:bdvanceswitch] AndroidManifest.xml:34:9-36:36
119            android:name="com.google.android.gms.ads.AD_MANAGER_APP"
119-->[:bdvanceswitch] AndroidManifest.xml:35:13-69
120            android:value="true" />
120-->[:bdvanceswitch] AndroidManifest.xml:36:13-33
121        <meta-data
121-->[:bdvanceswitch] AndroidManifest.xml:37:9-39:70
122            android:name="com.google.android.gms.ads.APPLICATION_ID"
122-->[:bdvanceswitch] AndroidManifest.xml:38:13-69
123            android:value="ca-app-pub-3940256099942544~3347511713" />
123-->[:bdvanceswitch] AndroidManifest.xml:39:13-67
124
125        <receiver
125-->[com.onesignal:OneSignal:4.8.6] AndroidManifest.xml:50:9-61:20
126            android:name="com.onesignal.FCMBroadcastReceiver"
126-->[com.onesignal:OneSignal:4.8.6] AndroidManifest.xml:51:13-62
127            android:exported="true"
127-->[com.onesignal:OneSignal:4.8.6] AndroidManifest.xml:52:13-36
128            android:permission="com.google.android.c2dm.permission.SEND" >
128-->[com.onesignal:OneSignal:4.8.6] AndroidManifest.xml:53:13-73
129
130            <!-- High priority so OneSignal payloads can be filtered from other FCM receivers -->
131            <intent-filter android:priority="999" >
131-->[com.onesignal:OneSignal:4.8.6] AndroidManifest.xml:56:13-60:29
131-->[com.onesignal:OneSignal:4.8.6] AndroidManifest.xml:56:28-50
132                <action android:name="com.google.android.c2dm.intent.RECEIVE" />
132-->[com.onesignal:OneSignal:4.8.6] AndroidManifest.xml:57:17-81
132-->[com.onesignal:OneSignal:4.8.6] AndroidManifest.xml:57:25-78
133
134                <category android:name="com.superadtech.adsmodel" />
134-->[com.onesignal:OneSignal:4.8.6] AndroidManifest.xml:59:17-61
134-->[com.onesignal:OneSignal:4.8.6] AndroidManifest.xml:59:27-58
135            </intent-filter>
136        </receiver>
137
138        <service
138-->[com.onesignal:OneSignal:4.8.6] AndroidManifest.xml:63:9-69:19
139            android:name="com.onesignal.HmsMessageServiceOneSignal"
139-->[com.onesignal:OneSignal:4.8.6] AndroidManifest.xml:64:13-68
140            android:exported="false" >
140-->[com.onesignal:OneSignal:4.8.6] AndroidManifest.xml:65:13-37
141            <intent-filter>
141-->[com.onesignal:OneSignal:4.8.6] AndroidManifest.xml:66:13-68:29
142                <action android:name="com.huawei.push.action.MESSAGING_EVENT" />
142-->[com.onesignal:OneSignal:4.8.6] AndroidManifest.xml:67:17-81
142-->[com.onesignal:OneSignal:4.8.6] AndroidManifest.xml:67:25-78
143            </intent-filter>
144        </service>
145
146        <activity
146-->[com.onesignal:OneSignal:4.8.6] AndroidManifest.xml:71:9-79:20
147            android:name="com.onesignal.NotificationOpenedActivityHMS"
147-->[com.onesignal:OneSignal:4.8.6] AndroidManifest.xml:72:13-71
148            android:exported="true"
148-->[com.onesignal:OneSignal:4.8.6] AndroidManifest.xml:73:13-36
149            android:noHistory="true"
149-->[com.onesignal:OneSignal:4.8.6] AndroidManifest.xml:74:13-37
150            android:theme="@android:style/Theme.Translucent.NoTitleBar" >
150-->[com.onesignal:OneSignal:4.8.6] AndroidManifest.xml:75:13-72
151            <intent-filter>
151-->[com.onesignal:OneSignal:4.8.6] AndroidManifest.xml:76:13-78:29
152                <action android:name="android.intent.action.VIEW" />
152-->[com.onesignal:OneSignal:4.8.6] AndroidManifest.xml:77:17-69
152-->[com.onesignal:OneSignal:4.8.6] AndroidManifest.xml:77:25-66
153            </intent-filter>
154        </activity>
155
156        <service
156-->[com.onesignal:OneSignal:4.8.6] AndroidManifest.xml:81:9-83:40
157            android:name="com.onesignal.FCMIntentService"
157-->[com.onesignal:OneSignal:4.8.6] AndroidManifest.xml:82:13-58
158            android:exported="false" />
158-->[com.onesignal:OneSignal:4.8.6] AndroidManifest.xml:83:13-37
159        <service
159-->[com.onesignal:OneSignal:4.8.6] AndroidManifest.xml:84:9-87:72
160            android:name="com.onesignal.FCMIntentJobService"
160-->[com.onesignal:OneSignal:4.8.6] AndroidManifest.xml:85:13-61
161            android:exported="false"
161-->[com.onesignal:OneSignal:4.8.6] AndroidManifest.xml:86:13-37
162            android:permission="android.permission.BIND_JOB_SERVICE" />
162-->[com.onesignal:OneSignal:4.8.6] AndroidManifest.xml:87:13-69
163        <service
163-->[com.onesignal:OneSignal:4.8.6] AndroidManifest.xml:88:9-91:43
164            android:name="com.onesignal.SyncService"
164-->[com.onesignal:OneSignal:4.8.6] AndroidManifest.xml:89:13-53
165            android:exported="false"
165-->[com.onesignal:OneSignal:4.8.6] AndroidManifest.xml:90:13-37
166            android:stopWithTask="true" />
166-->[com.onesignal:OneSignal:4.8.6] AndroidManifest.xml:91:13-40
167        <service
167-->[com.onesignal:OneSignal:4.8.6] AndroidManifest.xml:92:9-95:72
168            android:name="com.onesignal.SyncJobService"
168-->[com.onesignal:OneSignal:4.8.6] AndroidManifest.xml:93:13-56
169            android:exported="false"
169-->[com.onesignal:OneSignal:4.8.6] AndroidManifest.xml:94:13-37
170            android:permission="android.permission.BIND_JOB_SERVICE" />
170-->[com.onesignal:OneSignal:4.8.6] AndroidManifest.xml:95:13-69
171
172        <activity
172-->[com.onesignal:OneSignal:4.8.6] AndroidManifest.xml:97:9-100:75
173            android:name="com.onesignal.PermissionsActivity"
173-->[com.onesignal:OneSignal:4.8.6] AndroidManifest.xml:98:13-61
174            android:exported="false"
174-->[com.onesignal:OneSignal:4.8.6] AndroidManifest.xml:99:13-37
175            android:theme="@android:style/Theme.Translucent.NoTitleBar" />
175-->[com.onesignal:OneSignal:4.8.6] AndroidManifest.xml:100:13-72
176
177        <receiver
177-->[com.onesignal:OneSignal:4.8.6] AndroidManifest.xml:102:9-104:39
178            android:name="com.onesignal.NotificationDismissReceiver"
178-->[com.onesignal:OneSignal:4.8.6] AndroidManifest.xml:103:13-69
179            android:exported="true" />
179-->[com.onesignal:OneSignal:4.8.6] AndroidManifest.xml:104:13-36
180        <receiver
180-->[com.onesignal:OneSignal:4.8.6] AndroidManifest.xml:105:9-112:20
181            android:name="com.onesignal.BootUpReceiver"
181-->[com.onesignal:OneSignal:4.8.6] AndroidManifest.xml:106:13-56
182            android:exported="true" >
182-->[com.onesignal:OneSignal:4.8.6] AndroidManifest.xml:107:13-36
183            <intent-filter>
183-->[com.onesignal:OneSignal:4.8.6] AndroidManifest.xml:108:13-111:29
184                <action android:name="android.intent.action.BOOT_COMPLETED" />
184-->[com.onesignal:OneSignal:4.8.6] AndroidManifest.xml:109:17-79
184-->[com.onesignal:OneSignal:4.8.6] AndroidManifest.xml:109:25-76
185                <action android:name="android.intent.action.QUICKBOOT_POWERON" />
185-->[com.onesignal:OneSignal:4.8.6] AndroidManifest.xml:110:17-82
185-->[com.onesignal:OneSignal:4.8.6] AndroidManifest.xml:110:25-79
186            </intent-filter>
187        </receiver>
188        <receiver
188-->[com.onesignal:OneSignal:4.8.6] AndroidManifest.xml:113:9-119:20
189            android:name="com.onesignal.UpgradeReceiver"
189-->[com.onesignal:OneSignal:4.8.6] AndroidManifest.xml:114:13-57
190            android:exported="true" >
190-->[com.onesignal:OneSignal:4.8.6] AndroidManifest.xml:115:13-36
191            <intent-filter>
191-->[com.onesignal:OneSignal:4.8.6] AndroidManifest.xml:116:13-118:29
192                <action android:name="android.intent.action.MY_PACKAGE_REPLACED" />
192-->[com.onesignal:OneSignal:4.8.6] AndroidManifest.xml:117:17-84
192-->[com.onesignal:OneSignal:4.8.6] AndroidManifest.xml:117:25-81
193            </intent-filter>
194        </receiver>
195
196        <activity
196-->[com.onesignal:OneSignal:4.8.6] AndroidManifest.xml:121:9-127:75
197            android:name="com.onesignal.NotificationOpenedReceiver"
197-->[com.onesignal:OneSignal:4.8.6] AndroidManifest.xml:122:13-68
198            android:excludeFromRecents="true"
198-->[com.onesignal:OneSignal:4.8.6] AndroidManifest.xml:123:13-46
199            android:exported="true"
199-->[com.onesignal:OneSignal:4.8.6] AndroidManifest.xml:124:13-36
200            android:noHistory="true"
200-->[com.onesignal:OneSignal:4.8.6] AndroidManifest.xml:125:13-37
201            android:taskAffinity=""
201-->[com.onesignal:OneSignal:4.8.6] AndroidManifest.xml:126:13-36
202            android:theme="@android:style/Theme.Translucent.NoTitleBar" />
202-->[com.onesignal:OneSignal:4.8.6] AndroidManifest.xml:127:13-72
203        <activity
203-->[com.onesignal:OneSignal:4.8.6] AndroidManifest.xml:128:9-133:75
204            android:name="com.onesignal.NotificationOpenedReceiverAndroid22AndOlder"
204-->[com.onesignal:OneSignal:4.8.6] AndroidManifest.xml:129:13-85
205            android:excludeFromRecents="true"
205-->[com.onesignal:OneSignal:4.8.6] AndroidManifest.xml:130:13-46
206            android:exported="true"
206-->[com.onesignal:OneSignal:4.8.6] AndroidManifest.xml:131:13-36
207            android:noHistory="true"
207-->[com.onesignal:OneSignal:4.8.6] AndroidManifest.xml:132:13-37
208            android:theme="@android:style/Theme.Translucent.NoTitleBar" />
208-->[com.onesignal:OneSignal:4.8.6] AndroidManifest.xml:133:13-72
209
210        <meta-data
210-->[com.github.AnchorFreePartner.hydra-sdk-android:hydra:4.1.8] AndroidManifest.xml:10:9-12:56
211            android:name="unified.sdk.config.vpn.hydra"
211-->[com.github.AnchorFreePartner.hydra-sdk-android:hydra:4.1.8] AndroidManifest.xml:11:13-56
212            android:resource="@raw/hydra_vpn_config" />
212-->[com.github.AnchorFreePartner.hydra-sdk-android:hydra:4.1.8] AndroidManifest.xml:12:13-53
213
214        <provider
214-->[com.github.AnchorFreePartner.hydra-sdk-android:hydra:4.1.8] AndroidManifest.xml:14:9-18:37
215            android:name="unified.vpn.sdk.HydraTransportInitProvider"
215-->[com.github.AnchorFreePartner.hydra-sdk-android:hydra:4.1.8] AndroidManifest.xml:15:13-70
216            android:authorities="com.superadtech.adsmodel.sdk.transport.hydra"
216-->[com.github.AnchorFreePartner.hydra-sdk-android:hydra:4.1.8] AndroidManifest.xml:16:13-71
217            android:exported="false"
217-->[com.github.AnchorFreePartner.hydra-sdk-android:hydra:4.1.8] AndroidManifest.xml:17:13-37
218            android:initOrder="1" />
218-->[com.github.AnchorFreePartner.hydra-sdk-android:hydra:4.1.8] AndroidManifest.xml:18:13-34
219
220        <meta-data
220-->[com.github.AnchorFreePartner.hydra-sdk-android:openvpn:4.1.8] AndroidManifest.xml:10:9-12:58
221            android:name="unified.sdk.config.vpn.openvpn"
221-->[com.github.AnchorFreePartner.hydra-sdk-android:openvpn:4.1.8] AndroidManifest.xml:11:13-58
222            android:resource="@raw/openvpn_vpn_config" />
222-->[com.github.AnchorFreePartner.hydra-sdk-android:openvpn:4.1.8] AndroidManifest.xml:12:13-55
223
224        <provider
224-->[com.github.AnchorFreePartner.hydra-sdk-android:sdk-core:4.1.8] AndroidManifest.xml:18:9-22:37
225            android:name="unified.vpn.sdk.DBProvider"
225-->[com.github.AnchorFreePartner.hydra-sdk-android:sdk-core:4.1.8] AndroidManifest.xml:19:13-54
226            android:authorities="com.superadtech.adsmodel.hydra.sdk.db.provider"
226-->[com.github.AnchorFreePartner.hydra-sdk-android:sdk-core:4.1.8] AndroidManifest.xml:20:13-73
227            android:exported="false"
227-->[com.github.AnchorFreePartner.hydra-sdk-android:sdk-core:4.1.8] AndroidManifest.xml:21:13-37
228            android:initOrder="1" />
228-->[com.github.AnchorFreePartner.hydra-sdk-android:sdk-core:4.1.8] AndroidManifest.xml:22:13-34
229        <provider
229-->[com.github.AnchorFreePartner.hydra-sdk-android:sdk-core:4.1.8] AndroidManifest.xml:23:9-27:39
230            android:name="unified.vpn.sdk.UnifiedSdkInitProviderMain"
230-->[com.github.AnchorFreePartner.hydra-sdk-android:sdk-core:4.1.8] AndroidManifest.xml:24:13-70
231            android:authorities="com.superadtech.adsmodel.anchorfree.sdk.init.provider"
231-->[com.github.AnchorFreePartner.hydra-sdk-android:sdk-core:4.1.8] AndroidManifest.xml:25:13-80
232            android:exported="false"
232-->[com.github.AnchorFreePartner.hydra-sdk-android:sdk-core:4.1.8] AndroidManifest.xml:26:13-37
233            android:initOrder="100" />
233-->[com.github.AnchorFreePartner.hydra-sdk-android:sdk-core:4.1.8] AndroidManifest.xml:27:13-36
234        <provider
234-->[com.github.AnchorFreePartner.hydra-sdk-android:sdk-core:4.1.8] AndroidManifest.xml:28:9-33:58
235            android:name="unified.vpn.sdk.UnifiedSdkInitProviderVpn"
235-->[com.github.AnchorFreePartner.hydra-sdk-android:sdk-core:4.1.8] AndroidManifest.xml:29:13-69
236            android:authorities="com.superadtech.adsmodel.anchorfree.sdk.init.provider.vpn"
236-->[com.github.AnchorFreePartner.hydra-sdk-android:sdk-core:4.1.8] AndroidManifest.xml:30:13-84
237            android:exported="false"
237-->[com.github.AnchorFreePartner.hydra-sdk-android:sdk-core:4.1.8] AndroidManifest.xml:31:13-37
238            android:initOrder="100"
238-->[com.github.AnchorFreePartner.hydra-sdk-android:sdk-core:4.1.8] AndroidManifest.xml:32:13-36
239            android:process="@string/vpn_process_name" />
239-->[com.github.AnchorFreePartner.hydra-sdk-android:sdk-core:4.1.8] AndroidManifest.xml:33:13-55
240
241        <meta-data
241-->[com.github.AnchorFreePartner.hydra-sdk-android:sdk-core:4.1.8] AndroidManifest.xml:35:9-37:62
242            android:name="com.anchorfree.sdk.daemons"
242-->[com.github.AnchorFreePartner.hydra-sdk-android:sdk-core:4.1.8] AndroidManifest.xml:36:13-54
243            android:resource="@raw/unified_daemons_config" />
243-->[com.github.AnchorFreePartner.hydra-sdk-android:sdk-core:4.1.8] AndroidManifest.xml:37:13-59
244        <meta-data
244-->[com.github.AnchorFreePartner.hydra-sdk-android:sdk-analytics:4.1.8] AndroidManifest.xml:11:9-14:48
245            android:name="com.anchorfree.sdk.tracker.config"
245-->[com.github.AnchorFreePartner.hydra-sdk-android:sdk-analytics:4.1.8] AndroidManifest.xml:12:13-61
246            android:resource="@raw/sdk_tracker_config" />
246-->[com.github.AnchorFreePartner.hydra-sdk-android:sdk-analytics:4.1.8] AndroidManifest.xml:13:13-55
247        <meta-data
247-->[com.github.AnchorFreePartner.hydra-sdk-android:sdk-reconnection:4.1.8] AndroidManifest.xml:10:9-12:55
248            android:name="unified.sdk.config.vpn"
248-->[com.github.AnchorFreePartner.hydra-sdk-android:sdk-reconnection:4.1.8] AndroidManifest.xml:11:13-50
249            android:resource="@raw/core_vpn_config" />
249-->[com.github.AnchorFreePartner.hydra-sdk-android:sdk-reconnection:4.1.8] AndroidManifest.xml:12:13-52
250
251        <provider
251-->[com.github.AnchorFreePartner.hydra-sdk-android:ucr-analytics:4.1.8] AndroidManifest.xml:13:9-19:20
252            android:name="unified.vpn.sdk.UcrContentProvider"
252-->[com.github.AnchorFreePartner.hydra-sdk-android:ucr-analytics:4.1.8] AndroidManifest.xml:14:13-62
253            android:authorities="com.superadtech.adsmodel.ucr.provider"
253-->[com.github.AnchorFreePartner.hydra-sdk-android:ucr-analytics:4.1.8] AndroidManifest.xml:15:13-64
254            android:enabled="true"
254-->[com.github.AnchorFreePartner.hydra-sdk-android:ucr-analytics:4.1.8] AndroidManifest.xml:16:13-35
255            android:exported="false"
255-->[com.github.AnchorFreePartner.hydra-sdk-android:ucr-analytics:4.1.8] AndroidManifest.xml:17:13-37
256            android:multiprocess="false" >
256-->[com.github.AnchorFreePartner.hydra-sdk-android:ucr-analytics:4.1.8] AndroidManifest.xml:18:13-41
257        </provider>
258
259        <service
259-->[com.github.AnchorFreePartner.hydra-sdk-android:daemon:4.1.8] AndroidManifest.xml:10:9-13:58
260            android:name="unified.vpn.sdk.DaemonsService"
260-->[com.github.AnchorFreePartner.hydra-sdk-android:daemon:4.1.8] AndroidManifest.xml:11:13-58
261            android:exported="false"
261-->[com.github.AnchorFreePartner.hydra-sdk-android:daemon:4.1.8] AndroidManifest.xml:12:13-37